<?xml version="1.0" encoding="UTF-8"?>
<!-- Generated by org.testng.reporters.JUnitXMLReporter -->
<testsuite hostname="ART-PC" failures="1" tests="1" name="Command line test" time="8.951" errors="0" timestamp="5 Mar 2024 14:32:15 GMT">
  <testcase classname="tests.BookTimeTest" name="bookTime" time="6.181">
    <failure type="com.codeborne.selenide.ex.InvalidStateException" message="Invalid element state [button.filter(exact text &amp;quot;12:15 AM&amp;quot;)[0]]: element click intercepted: Element &amp;lt;button class=&amp;quot;MuiButtonBase-root MuiButton-root MuiButton-contained MuiButton-containedPrimary MuiButton-sizeXLarge MuiButton-containedSizeXLarge MuiButton-root MuiButton-contained MuiButton-containedPrimary MuiButton-sizeXLarge MuiButton-containedSizeXLarge css-1naju76&amp;quot; tabindex=&amp;quot;0&amp;quot; type=&amp;quot;button&amp;quot; data-testid=&amp;quot;2024-03-08T19:15:00+00:00&amp;quot;&amp;gt;...&amp;lt;/button&amp;gt; is not clickable at point (943, 960). Other element would receive the click: &amp;lt;div role=&amp;quot;dialog&amp;quot; id=&amp;quot;46270a72-a68f-454f-b8ce-5df4be59e661&amp;quot; aria-label=&amp;quot;Баннер согласия на использование файлов cookie&amp;quot; aria-describedby=&amp;quot;46270a72-a68f-454f-b8ce-5df4be59e661__label&amp;quot; class=&amp;quot;osano-cm-window__dialog osano-cm-dialog osano-cm-dialog--position_bottom osano-cm-dialog--type_bar&amp;quot;&amp;gt;...&amp;lt;/div&amp;gt;
Screenshot: file:/D:/Java%20projects/HenryQAAssessment/build/reports/tests/1709649135735.0.png
Page source: file:/D:/Java%20projects/HenryQAAssessment/build/reports/tests/1709649135735.0.html
Timeout: 4 s.
Caused by: ElementClickInterceptedException: element click intercepted: Element &amp;lt;button class=&amp;quot;MuiButtonBase-root MuiButton-root MuiButton-contained MuiButton-containedPrimary MuiButton-sizeXLarge MuiButton-containedSizeXLarge MuiButton-root MuiButton-contained MuiButton-containedPrimary MuiButton-sizeXLarge MuiButton-containedSizeXLarge css-1naju76&amp;quot; tabindex=&amp;quot;0&amp;quot; type=&amp;quot;button&amp;quot; data-testid=&amp;quot;2024-03-08T19:15:00+00:00&amp;quot;&amp;gt;...&amp;lt;/button&amp;gt; is not clickable at point (943, 960). Other element would receive the click: &amp;lt;div role=&amp;quot;dialog&amp;quot; id=&amp;quot;46270a72-a68f-454f-b8ce-5df4be59e661&amp;quot; aria-label=&amp;quot;Баннер согласия на использование файлов cookie&amp;quot; aria-describedby=&amp;quot;46270a72-a68f-454f-b8ce-5df4be59e661__label&amp;quot; class=&amp;quot;osano-cm-window__dialog osano-cm-dialog osano-cm-dialog--position_bottom osano-cm-dialog--type_bar&amp;quot;&amp;gt;...&amp;lt;/div&amp;gt;">
      <![CDATA[Invalid element state [button.filter(exact text "12:15 AM")[0]]: element click intercepted: Element <button class="MuiButtonBase-root MuiButton-root MuiButton-contained MuiButton-containedPrimary MuiButton-sizeXLarge MuiButton-containedSizeXLarge MuiButton-root MuiButton-contained MuiButton-containedPrimary MuiButton-sizeXLarge MuiButton-containedSizeXLarge css-1naju76" tabindex="0" type="button" data-testid="2024-03-08T19:15:00+00:00">...</button> is not clickable at point (943, 960). Other element would receive the click: <div role="dialog" id="46270a72-a68f-454f-b8ce-5df4be59e661" aria-label="Баннер согласия на использование файлов cookie" aria-describedby="46270a72-a68f-454f-b8ce-5df4be59e661__label" class="osano-cm-window__dialog osano-cm-dialog osano-cm-dialog--position_bottom osano-cm-dialog--type_bar">...</div>
Screenshot: file:/D:/Java%20projects/HenryQAAssessment/build/reports/tests/1709649135735.0.png
Page source: file:/D:/Java%20projects/HenryQAAssessment/build/reports/tests/1709649135735.0.html
Timeout: 4 s.
Caused by: ElementClickInterceptedException: element click intercepted: Element <button class="MuiButtonBase-root MuiButton-root MuiButton-contained MuiButton-containedPrimary MuiButton-sizeXLarge MuiButton-containedSizeXLarge MuiButton-root MuiButton-contained MuiButton-containedPrimary MuiButton-sizeXLarge MuiButton-containedSizeXLarge css-1naju76" tabindex="0" type="button" data-testid="2024-03-08T19:15:00+00:00">...</button> is not clickable at point (943, 960). Other element would receive the click: <div role="dialog" id="46270a72-a68f-454f-b8ce-5df4be59e661" aria-label="Баннер согласия на использование файлов cookie" aria-describedby="46270a72-a68f-454f-b8ce-5df4be59e661__label" class="osano-cm-window__dialog osano-cm-dialog osano-cm-dialog--position_bottom osano-cm-dialog--type_bar">...</div>
	at com.codeborne.selenide.impl.ExceptionWrapper.wrap(ExceptionWrapper.java:26)
	at com.codeborne.selenide.impl.SelenideElementProxy.dispatchAndRetry(SelenideElementProxy.java:154)
	at com.codeborne.selenide.impl.SelenideElementProxy.invoke(SelenideElementProxy.java:84)
	at jdk.proxy2/jdk.proxy2.$Proxy9.click(Unknown Source)
	at org.example.pages.NextAvailableTime.selectTime(NextAvailableTime.java:24)
	at tests.BookTimeTest.bookTime(BookTimeTest.java:36)
Caused by: org.openqa.selenium.ElementClickInterceptedException: element click intercepted: Element <button class="MuiButtonBase-root MuiButton-root MuiButton-contained MuiButton-containedPrimary MuiButton-sizeXLarge MuiButton-containedSizeXLarge MuiButton-root MuiButton-contained MuiButton-containedPrimary MuiButton-sizeXLarge MuiButton-containedSizeXLarge css-1naju76" tabindex="0" type="button" data-testid="2024-03-08T19:15:00+00:00">...</button> is not clickable at point (943, 960). Other element would receive the click: <div role="dialog" id="46270a72-a68f-454f-b8ce-5df4be59e661" aria-label="Баннер согласия на использование файлов cookie" aria-describedby="46270a72-a68f-454f-b8ce-5df4be59e661__label" class="osano-cm-window__dialog osano-cm-dialog osano-cm-dialog--position_bottom osano-cm-dialog--type_bar">...</div>
  (Session info: chrome=122.0.6261.95)
Build info: version: '4.11.0', revision: '040bc5406b'
System info: os.name: 'Windows 10', os.arch: 'amd64', os.version: '10.0', java.version: '17.0.3.1'
Driver info: org.openqa.selenium.chrome.ChromeDriver
Command: [35fe9eb29034a3d19a85b51ae424e2db, clickElement {id=f.661378EA1BEED21BE020B5D3566E418A.d.BBB2FCFA0330D371EF29E22EEAA402FF.e.83}]
Capabilities {acceptInsecureCerts: true, browserName: chrome, browserVersion: 122.0.6261.95, chrome: {chromedriverVersion: 122.0.6261.94 (880dbf29479c..., userDataDir: C:\Users\User\AppData\Local...}, fedcm:accounts: true, goog:chromeOptions: {debuggerAddress: localhost:56346}, networkConnectionEnabled: false, pageLoadStrategy: normal, platformName: windows, proxy: Proxy(), se:cdp: ws://localhost:56346/devtoo..., se:cdpVersion: 122.0.6261.95, setWindowRect: true, strictFileInteractability: false, timeouts: {implicit: 0, pageLoad: 300000, script: 30000}, unhandledPromptBehavior: accept, webauthn:extension:credBlob: true, webauthn:extension:largeBlob: true, webauthn:extension:minPinLength: true, webauthn:extension:prf: true, webauthn:virtualAuthenticators: true}
Element: [[ChromeDriver: chrome on windows (35fe9eb29034a3d19a85b51ae424e2db)] -> css selector: button]
Session ID: 35fe9eb29034a3d19a85b51ae424e2db
	at org.openqa.selenium.remote.codec.w3c.W3CHttpResponseCodec.createException(W3CHttpResponseCodec.java:200)
	at org.openqa.selenium.remote.codec.w3c.W3CHttpResponseCodec.decode(W3CHttpResponseCodec.java:133)
	at org.openqa.selenium.remote.codec.w3c.W3CHttpResponseCodec.decode(W3CHttpResponseCodec.java:52)
	at org.openqa.selenium.remote.HttpCommandExecutor.execute(HttpCommandExecutor.java:191)
	at org.openqa.selenium.remote.service.DriverCommandExecutor.invokeExecute(DriverCommandExecutor.java:196)
	at org.openqa.selenium.remote.service.DriverCommandExecutor.execute(DriverCommandExecutor.java:171)
	at org.openqa.selenium.remote.RemoteWebDriver.execute(RemoteWebDriver.java:518)
	at org.openqa.selenium.remote.RemoteWebElement.execute(RemoteWebElement.java:224)
	at org.openqa.selenium.remote.RemoteWebElement.click(RemoteWebElement.java:77)
	at com.codeborne.selenide.commands.Click.defaultClick(Click.java:97)
	at com.codeborne.selenide.commands.Click.click(Click.java:54)
	at com.codeborne.selenide.commands.Click.execute(Click.java:31)
	at com.codeborne.selenide.commands.Click.execute(Click.java:21)
	at com.codeborne.selenide.commands.Commands.execute(Commands.java:163)
	at com.codeborne.selenide.impl.SelenideElementProxy.dispatchAndRetry(SelenideElementProxy.java:132)
	... 37 more
... Removed 38 stack frames]]>
    </failure>
  </testcase> <!-- bookTime -->
</testsuite> <!-- Command line test -->
