<?xml version="1.0" encoding="UTF-8"?>
<!-- Generated by org.testng.reporters.JUnitReportReporter -->
<testsuite hostname="ART-PC" failures="1" tests="1" name="tests.BookTimeTest" time="6.181" errors="0" timestamp="5 Mar 2024 14:32:16 GMT">
  <testcase classname="tests.BookTimeTest" name="bookTime" time="6.181">
    <failure message="Invalid element state [button.filter(exact text &quot;12:15 AM&quot;)[0]]: element click intercepted: Element &lt;button class=&quot;MuiButtonBase-root MuiButton-root MuiButton-contained MuiButton-containedPrimary MuiButton-sizeXLarge MuiButton-containedSizeXLarge MuiButton-root MuiButton-contained MuiButton-containedPrimary MuiButton-sizeXLarge MuiButton-containedSizeXLarge css-1naju76&quot; tabindex=&quot;0&quot; type=&quot;button&quot; data-testid=&quot;2024-03-08T19:15:00+00:00&quot;&gt;...&lt;/button&gt; is not clickable at point (943, 960). Other element would receive the click: &lt;div role=&quot;dialog&quot; id=&quot;46270a72-a68f-454f-b8ce-5df4be59e661&quot; aria-label=&quot;Баннер согласия на использование файлов cookie&quot; aria-describedby=&quot;46270a72-a68f-454f-b8ce-5df4be59e661__label&quot; class=&quot;osano-cm-window__dialog osano-cm-dialog osano-cm-dialog--position_bottom osano-cm-dialog--type_bar&quot;&gt;...&lt;/div&gt;
Screenshot: file:/D:/Java%20projects/HenryQAAssessment/build/reports/tests/1709649135735.0.png
Page source: file:/D:/Java%20projects/HenryQAAssessment/build/reports/tests/1709649135735.0.html
Timeout: 4 s.
Caused by: ElementClickInterceptedException: element click intercepted: Element &lt;button class=&quot;MuiButtonBase-root MuiButton-root MuiButton-contained MuiButton-containedPrimary MuiButton-sizeXLarge MuiButton-containedSizeXLarge MuiButton-root MuiButton-contained MuiButton-containedPrimary MuiButton-sizeXLarge MuiButton-containedSizeXLarge css-1naju76&quot; tabindex=&quot;0&quot; type=&quot;button&quot; data-testid=&quot;2024-03-08T19:15:00+00:00&quot;&gt;...&lt;/button&gt; is not clickable at point (943, 960). Other element would receive the click: &lt;div role=&quot;dialog&quot; id=&quot;46270a72-a68f-454f-b8ce-5df4be59e661&quot; aria-label=&quot;Баннер согласия на использование файлов cookie&quot; aria-describedby=&quot;46270a72-a68f-454f-b8ce-5df4be59e661__label&quot; class=&quot;osano-cm-window__dialog osano-cm-dialog osano-cm-dialog--position_bottom osano-cm-dialog--type_bar&quot;&gt;...&lt;/div&gt;" type="com.codeborne.selenide.ex.InvalidStateException">
      <![CDATA[Invalid element state [button.filter(exact text "12:15 AM")[0]]: element click intercepted: Element <button class="MuiButtonBase-root MuiButton-root MuiButton-contained MuiButton-containedPrimary MuiButton-sizeXLarge MuiButton-containedSizeXLarge MuiButton-root MuiButton-contained MuiButton-containedPrimary MuiButton-sizeXLarge MuiButton-containedSizeXLarge css-1naju76" tabindex="0" type="button" data-testid="2024-03-08T19:15:00+00:00">...</button> is not clickable at point (943, 960). Other element would receive the click: <div role="dialog" id="46270a72-a68f-454f-b8ce-5df4be59e661" aria-label="Баннер согласия на использование файлов cookie" aria-describedby="46270a72-a68f-454f-b8ce-5df4be59e661__label" class="osano-cm-window__dialog osano-cm-dialog osano-cm-dialog--position_bottom osano-cm-dialog--type_bar">...</div>
Screenshot: file:/D:/Java%20projects/HenryQAAssessment/build/reports/tests/1709649135735.0.png
Page source: file:/D:/Java%20projects/HenryQAAssessment/build/reports/tests/1709649135735.0.html
Timeout: 4 s.
Caused by: ElementClickInterceptedException: element click intercepted: Element <button class="MuiButtonBase-root MuiButton-root MuiButton-contained MuiButton-containedPrimary MuiButton-sizeXLarge MuiButton-containedSizeXLarge MuiButton-root MuiButton-contained MuiButton-containedPrimary MuiButton-sizeXLarge MuiButton-containedSizeXLarge css-1naju76" tabindex="0" type="button" data-testid="2024-03-08T19:15:00+00:00">...</button> is not clickable at point (943, 960). Other element would receive the click: <div role="dialog" id="46270a72-a68f-454f-b8ce-5df4be59e661" aria-label="Баннер согласия на использование файлов cookie" aria-describedby="46270a72-a68f-454f-b8ce-5df4be59e661__label" class="osano-cm-window__dialog osano-cm-dialog osano-cm-dialog--position_bottom osano-cm-dialog--type_bar">...</div>
	at com.codeborne.selenide.impl.ExceptionWrapper.wrap(ExceptionWrapper.java:26)
	at com.codeborne.selenide.impl.SelenideElementProxy.dispatchAndRetry(SelenideElementProxy.java:154)
	at com.codeborne.selenide.impl.SelenideElementProxy.invoke(SelenideElementProxy.java:84)
	at jdk.proxy2/jdk.proxy2.$Proxy9.click(Unknown Source)
	at org.example.pages.NextAvailableTime.selectTime(NextAvailableTime.java:24)
	at tests.BookTimeTest.bookTime(BookTimeTest.java:36)
	at java.base/jdk.internal.reflect.NativeMethodAccessorImpl.invoke0(Native Method)
	at java.base/jdk.internal.reflect.NativeMethodAccessorImpl.invoke(NativeMethodAccessorImpl.java:77)
	at java.base/jdk.internal.reflect.DelegatingMethodAccessorImpl.invoke(DelegatingMethodAccessorImpl.java:43)
	at java.base/java.lang.reflect.Method.invoke(Method.java:568)
	at org.testng.internal.MethodInvocationHelper.invokeMethod(MethodInvocationHelper.java:85)
	at org.testng.internal.Invoker.invokeMethod(Invoker.java:639)
	at org.testng.internal.Invoker.invokeTestMethod(Invoker.java:816)
	at org.testng.internal.Invoker.invokeTestMethods(Invoker.java:1124)
	at org.testng.internal.TestMethodWorker.invokeTestMethods(TestMethodWorker.java:125)
	at org.testng.internal.TestMethodWorker.run(TestMethodWorker.java:108)
	at org.testng.TestRunner.privateRun(TestRunner.java:774)
	at org.testng.TestRunner.run(TestRunner.java:624)
	at org.testng.SuiteRunner.runTest(SuiteRunner.java:359)
	at org.testng.SuiteRunner.runSequentially(SuiteRunner.java:354)
	at org.testng.SuiteRunner.privateRun(SuiteRunner.java:312)
	at org.testng.SuiteRunner.run(SuiteRunner.java:261)
	at org.testng.SuiteRunnerWorker.runSuite(SuiteRunnerWorker.java:52)
	at org.testng.SuiteRunnerWorker.run(SuiteRunnerWorker.java:86)
	at org.testng.TestNG.runSuitesSequentially(TestNG.java:1191)
	at org.testng.TestNG.runSuitesLocally(TestNG.java:1116)
	at org.testng.TestNG.run(TestNG.java:1024)
	at org.apache.maven.surefire.testng.TestNGExecutor.run(TestNGExecutor.java:77)
	at org.apache.maven.surefire.testng.TestNGDirectoryTestSuite.execute(TestNGDirectoryTestSuite.java:110)
	at org.apache.maven.surefire.testng.TestNGProvider.invoke(TestNGProvider.java:106)
	at java.base/jdk.internal.reflect.NativeMethodAccessorImpl.invoke0(Native Method)
	at java.base/jdk.internal.reflect.NativeMethodAccessorImpl.invoke(NativeMethodAccessorImpl.java:77)
	at java.base/jdk.internal.reflect.DelegatingMethodAccessorImpl.invoke(DelegatingMethodAccessorImpl.java:43)
	at java.base/java.lang.reflect.Method.invoke(Method.java:568)
	at org.apache.maven.surefire.util.ReflectionUtils.invokeMethodWithArray(ReflectionUtils.java:189)
	at org.apache.maven.surefire.booter.ProviderFactory$ProviderProxy.invoke(ProviderFactory.java:165)
	at org.apache.maven.surefire.booter.ProviderFactory.invokeProvider(ProviderFactory.java:85)
	at org.apache.maven.surefire.booter.ForkedBooter.runSuitesInProcess(ForkedBooter.java:115)
	at org.apache.maven.surefire.booter.ForkedBooter.main(ForkedBooter.java:75)
Caused by: org.openqa.selenium.ElementClickInterceptedException: element click intercepted: Element <button class="MuiButtonBase-root MuiButton-root MuiButton-contained MuiButton-containedPrimary MuiButton-sizeXLarge MuiButton-containedSizeXLarge MuiButton-root MuiButton-contained MuiButton-containedPrimary MuiButton-sizeXLarge MuiButton-containedSizeXLarge css-1naju76" tabindex="0" type="button" data-testid="2024-03-08T19:15:00+00:00">...</button> is not clickable at point (943, 960). Other element would receive the click: <div role="dialog" id="46270a72-a68f-454f-b8ce-5df4be59e661" aria-label="Баннер согласия на использование файлов cookie" aria-describedby="46270a72-a68f-454f-b8ce-5df4be59e661__label" class="osano-cm-window__dialog osano-cm-dialog osano-cm-dialog--position_bottom osano-cm-dialog--type_bar">...</div>
  (Session info: chrome=122.0.6261.95)
Build info: version: '4.11.0', revision: '040bc5406b'
System info: os.name: 'Windows 10', os.arch: 'amd64', os.version: '10.0', java.version: '17.0.3.1'
Driver info: org.openqa.selenium.chrome.ChromeDriver
Command: [35fe9eb29034a3d19a85b51ae424e2db, clickElement {id=f.661378EA1BEED21BE020B5D3566E418A.d.BBB2FCFA0330D371EF29E22EEAA402FF.e.83}]
Capabilities {acceptInsecureCerts: true, browserName: chrome, browserVersion: 122.0.6261.95, chrome: {chromedriverVersion: 122.0.6261.94 (880dbf29479c..., userDataDir: C:\Users\User\AppData\Local...}, fedcm:accounts: true, goog:chromeOptions: {debuggerAddress: localhost:56346}, networkConnectionEnabled: false, pageLoadStrategy: normal, platformName: windows, proxy: Proxy(), se:cdp: ws://localhost:56346/devtoo..., se:cdpVersion: 122.0.6261.95, setWindowRect: true, strictFileInteractability: false, timeouts: {implicit: 0, pageLoad: 300000, script: 30000}, unhandledPromptBehavior: accept, webauthn:extension:credBlob: true, webauthn:extension:largeBlob: true, webauthn:extension:minPinLength: true, webauthn:extension:prf: true, webauthn:virtualAuthenticators: true}
Element: [[ChromeDriver: chrome on windows (35fe9eb29034a3d19a85b51ae424e2db)] -> css selector: button]
Session ID: 35fe9eb29034a3d19a85b51ae424e2db
	at java.base/jdk.internal.reflect.NativeConstructorAccessorImpl.newInstance0(Native Method)
	at java.base/jdk.internal.reflect.NativeConstructorAccessorImpl.newInstance(NativeConstructorAccessorImpl.java:77)
	at java.base/jdk.internal.reflect.DelegatingConstructorAccessorImpl.newInstance(DelegatingConstructorAccessorImpl.java:45)
	at java.base/java.lang.reflect.Constructor.newInstanceWithCaller(Constructor.java:499)
	at java.base/java.lang.reflect.Constructor.newInstance(Constructor.java:480)
	at org.openqa.selenium.remote.codec.w3c.W3CHttpResponseCodec.createException(W3CHttpResponseCodec.java:200)
	at org.openqa.selenium.remote.codec.w3c.W3CHttpResponseCodec.decode(W3CHttpResponseCodec.java:133)
	at org.openqa.selenium.remote.codec.w3c.W3CHttpResponseCodec.decode(W3CHttpResponseCodec.java:52)
	at org.openqa.selenium.remote.HttpCommandExecutor.execute(HttpCommandExecutor.java:191)
	at org.openqa.selenium.remote.service.DriverCommandExecutor.invokeExecute(DriverCommandExecutor.java:196)
	at org.openqa.selenium.remote.service.DriverCommandExecutor.execute(DriverCommandExecutor.java:171)
	at org.openqa.selenium.remote.RemoteWebDriver.execute(RemoteWebDriver.java:518)
	at org.openqa.selenium.remote.RemoteWebElement.execute(RemoteWebElement.java:224)
	at org.openqa.selenium.remote.RemoteWebElement.click(RemoteWebElement.java:77)
	at com.codeborne.selenide.commands.Click.defaultClick(Click.java:97)
	at com.codeborne.selenide.commands.Click.click(Click.java:54)
	at com.codeborne.selenide.commands.Click.execute(Click.java:31)
	at com.codeborne.selenide.commands.Click.execute(Click.java:21)
	at com.codeborne.selenide.commands.Commands.execute(Commands.java:163)
	at com.codeborne.selenide.impl.SelenideElementProxy.dispatchAndRetry(SelenideElementProxy.java:132)
	... 37 more
]]>
    </failure>
  </testcase> <!-- bookTime -->
</testsuite> <!-- tests.BookTimeTest -->
